Using pre-set license
Built from '2020.3/staging' branch; Version is '2020.3.17f1 (a4537701e4ab) revision 10769271'; Using compiler version '192528614'; Build Type 'Release'
OS: 'Windows 10 Education; OS build 18363.1801; Version 1909; 64bit' Language: 'en' Physical Memory: 32687 MB
BatchMode: 1, IsHumanControllingUs: 0, StartBugReporterOnCrash: 0, Is64bit: 1, IsPro: 0

COMMAND LINE ARGUMENTS:
C:\Program Files\Unity\Hub\Editor\2020.3.17f1\Editor\Unity.exe
-adb2
-batchMode
-noUpm
-name
AssetImportWorker0
-projectPath
C:/Users/J15416423/Desktop/Unity Stuff/Sound assignment/Sound Assignment
-logFile
Logs/AssetImportWorker0.log
-srvPort
57913
Successfully changed project path to: C:/Users/J15416423/Desktop/Unity Stuff/Sound assignment/Sound Assignment
C:/Users/J15416423/Desktop/Unity Stuff/Sound assignment/Sound Assignment
Using Asset Import Pipeline V2.
Refreshing native plugins compatible for Editor in 34.41 ms, found 3 plugins.
Preloading 0 native plugins for Editor in 0.00 ms.
Initialize engine version: 2020.3.17f1 (a4537701e4ab)
[Subsystems] Discovering subsystems at path C:/Program Files/Unity/Hub/Editor/2020.3.17f1/Editor/Data/Resources/UnitySubsystems
[Subsystems] Discovering subsystems at path C:/Users/J15416423/Desktop/Unity Stuff/Sound assignment/Sound Assignment/Assets
GfxDevice: creating device client; threaded=0
Direct3D:
    Version:  Direct3D 11.0 [level 11.1]
    Renderer: NVIDIA GeForce RTX 2070 (ID=0x1f07)
    Vendor:   
    VRAM:     8031 MB
    Driver:   30.0.14.7168
Initialize mono
Mono path[0] = 'C:/Program Files/Unity/Hub/Editor/2020.3.17f1/Editor/Data/Managed'
Mono path[1] = 'C:/Program Files/Unity/Hub/Editor/2020.3.17f1/Editor/Data/MonoBleedingEdge/lib/mono/unityjit'
Mono config path = 'C:/Program Files/Unity/Hub/Editor/2020.3.17f1/Editor/Data/MonoBleedingEdge/etc'
Using monoOptions --debugger-agent=transport=dt_socket,embedding=1,server=y,suspend=n,address=127.0.0.1:56736
Begin MonoManager ReloadAssembly
Registering precompiled unity dll's ...
Register platform support module: C:/Program Files/Unity/Hub/Editor/2020.3.17f1/Editor/Data/PlaybackEngines/WebGLSupport/UnityEditor.WebGL.Extensions.dll
Register platform support module: C:/Program Files/Unity/Hub/Editor/2020.3.17f1/Editor/Data/PlaybackEngines/WindowsStandaloneSupport/UnityEditor.WindowsStandalone.Extensions.dll
Registered in 0.001801 seconds.
Native extension for WindowsStandalone target not found
Native extension for WebGL target not found
Refreshing native plugins compatible for Editor in 32.51 ms, found 3 plugins.
Preloading 0 native plugins for Editor in 0.00 ms.
Mono: successfully reloaded assembly
- Completed reload, in  0.902 seconds
Domain Reload Profiling:
	ReloadAssembly (902ms)
		BeginReloadAssembly (99ms)
			ExecutionOrderSort (0ms)
			DisableScriptedObjects (0ms)
			BackupInstance (0ms)
			ReleaseScriptingObjects (0ms)
			CreateAndSetChildDomain (2ms)
		EndReloadAssembly (338ms)
			LoadAssemblies (84ms)
			RebuildTransferFunctionScriptingTraits (0ms)
			SetupTypeCache (123ms)
			ReleaseScriptCaches (0ms)
			RebuildScriptCaches (26ms)
			SetupLoadedEditorAssemblies (133ms)
				LogAssemblyErrors (0ms)
				InitializePlatformSupportModulesInManaged (4ms)
				SetLoadedEditorAssemblies (0ms)
				RefreshPlugins (33ms)
				BeforeProcessingInitializeOnLoad (10ms)
				ProcessInitializeOnLoadAttributes (64ms)
				ProcessInitializeOnLoadMethodAttributes (22ms)
				AfterProcessingInitializeOnLoad (0ms)
				EditorAssembliesLoaded (0ms)
			ExecutionOrderSort2 (0ms)
			AwakeInstancesAfterBackupRestoration (0ms)
Platform modules already initialized, skipping
Registering precompiled user dll's ...
Registered in 0.003341 seconds.
Begin MonoManager ReloadAssembly
Native extension for WindowsStandalone target not found
Native extension for WebGL target not found
Refreshing native plugins compatible for Editor in 32.92 ms, found 3 plugins.
Preloading 0 native plugins for Editor in 0.00 ms.
Mono: successfully reloaded assembly
- Completed reload, in  0.973 seconds
Domain Reload Profiling:
	ReloadAssembly (973ms)
		BeginReloadAssembly (115ms)
			ExecutionOrderSort (0ms)
			DisableScriptedObjects (4ms)
			BackupInstance (0ms)
			ReleaseScriptingObjects (0ms)
			CreateAndSetChildDomain (14ms)
		EndReloadAssembly (807ms)
			LoadAssemblies (69ms)
			RebuildTransferFunctionScriptingTraits (0ms)
			SetupTypeCache (239ms)
			ReleaseScriptCaches (0ms)
			RebuildScriptCaches (39ms)
			SetupLoadedEditorAssemblies (353ms)
				LogAssemblyErrors (0ms)
				InitializePlatformSupportModulesInManaged (4ms)
				SetLoadedEditorAssemblies (0ms)
				RefreshPlugins (33ms)
				BeforeProcessingInitializeOnLoad (71ms)
				ProcessInitializeOnLoadAttributes (229ms)
				ProcessInitializeOnLoadMethodAttributes (11ms)
				AfterProcessingInitializeOnLoad (5ms)
				EditorAssembliesLoaded (0ms)
			ExecutionOrderSort2 (0ms)
			AwakeInstancesAfterBackupRestoration (6ms)
Platform modules already initialized, skipping
========================================================================
Worker process is ready to serve import requests
Launched and connected shader compiler UnityShaderCompiler.exe after 0.06 seconds
Refreshing native plugins compatible for Editor in 0.34 ms, found 3 plugins.
Preloading 0 native plugins for Editor in 0.00 ms.
Unloading 2092 Unused Serialized files (Serialized files now loaded: 0)
System memory in use before: 93.1 MB.
System memory in use after: 93.2 MB.

Unloading 28 unused Assets to reduce memory usage. Loaded Objects now: 2529.
Total: 2.526400 ms (FindLiveObjects: 0.153600 ms CreateObjectMapping: 0.065400 ms MarkObjects: 2.212700 ms  DeleteObjects: 0.093900 ms)

AssetImportParameters requested are different than current active one (requested -> active):
  custom:framework-win-MediaFoundation: 216162199b28c13a410421893ffa2e32 -> 
  custom:video-decoder-ogg-theora: a1e56fd34408186e4bbccfd4996cb3dc -> 
  custom:container-muxer-webm: aa71ff27fc2769a1b78a27578f13a17b -> 
  custom:container-demuxer-webm: 4f35f7cbe854078d1ac9338744f61a02 -> 
  custom:container-demuxer-ogg: 62fdf1f143b41e24485cea50d1cbac27 -> 
  custom:video-encoder-webm-vp8: eb34c28f22e8b96e1ab97ce403110664 -> 
  custom:video-decoder-webm-vp8: 9c59270c3fd7afecdb556c50c9e8de78 -> 
  custom:audio-decoder-ogg-vorbis: bf7c407c2cedff20999df2af8eb42d56 -> 
  custom:audio-encoder-webm-vorbis: bf7c407c2cedff20999df2af8eb42d56 -> 
========================================================================
Received Import Request.
  path: Assets/NewBehaviourScript.cs
  artifactKey: Guid(022d7d8354533e74094f582a7aee6f38) Importer(815301076,1909f56bfc062723c751e8b465ee728b)
Start importing Assets/NewBehaviourScript.cs using Guid(022d7d8354533e74094f582a7aee6f38) Importer(815301076,1909f56bfc062723c751e8b465ee728b)  -> (artifact id: '00000000000000000000000000000000') in 0.015366 seconds  code(4) message(Build asset version error: assets/newbehaviourscript.cs in SourceAssetDB has modification time of '2021-10-03T22:56:12.7667729Z' while content on disk has modification time of '2021-10-03T22:56:39.7171195Z')
  ERROR: Build asset version error: assets/newbehaviourscript.cs in SourceAssetDB has modification time of '2021-10-03T22:56:12.7667729Z' while content on disk has modification time of '2021-10-03T22:56:39.7171195Z'
  Import took 0.017615 seconds .

========================================================================
Received Import Request.
  Time since last request: 0.025807 seconds.
  path: Assets/NewBehaviourScript.cs
  artifactKey: Guid(022d7d8354533e74094f582a7aee6f38) Importer(815301076,1909f56bfc062723c751e8b465ee728b)
Start importing Assets/NewBehaviourScript.cs using Guid(022d7d8354533e74094f582a7aee6f38) Importer(815301076,1909f56bfc062723c751e8b465ee728b)  -> (artifact id: '00000000000000000000000000000000') in 0.000194 seconds  code(4) message(Build asset version error: assets/newbehaviourscript.cs in SourceAssetDB has modification time of '2021-10-03T22:56:12.7667729Z' while content on disk has modification time of '2021-10-03T22:56:39.7171195Z')
  ERROR: Build asset version error: assets/newbehaviourscript.cs in SourceAssetDB has modification time of '2021-10-03T22:56:12.7667729Z' while content on disk has modification time of '2021-10-03T22:56:39.7171195Z'
  Import took 0.002365 seconds .

========================================================================
Received Import Request.
  Time since last request: 0.009562 seconds.
  path: Assets/NewBehaviourScript.cs
  artifactKey: Guid(022d7d8354533e74094f582a7aee6f38) Importer(815301076,1909f56bfc062723c751e8b465ee728b)
Start importing Assets/NewBehaviourScript.cs using Guid(022d7d8354533e74094f582a7aee6f38) Importer(815301076,1909f56bfc062723c751e8b465ee728b)  -> (artifact id: '00000000000000000000000000000000') in 0.000191 seconds  code(4) message(Build asset version error: assets/newbehaviourscript.cs in SourceAssetDB has modification time of '2021-10-03T22:56:12.7667729Z' while content on disk has modification time of '2021-10-03T22:56:39.7171195Z')
  ERROR: Build asset version error: assets/newbehaviourscript.cs in SourceAssetDB has modification time of '2021-10-03T22:56:12.7667729Z' while content on disk has modification time of '2021-10-03T22:56:39.7171195Z'
  Import took 0.002224 seconds .

========================================================================
Received Import Request.
  Time since last request: 0.010129 seconds.
  path: Assets/NewBehaviourScript.cs
  artifactKey: Guid(022d7d8354533e74094f582a7aee6f38) Importer(815301076,1909f56bfc062723c751e8b465ee728b)
Start importing Assets/NewBehaviourScript.cs using Guid(022d7d8354533e74094f582a7aee6f38) Importer(815301076,1909f56bfc062723c751e8b465ee728b)  -> (artifact id: '00000000000000000000000000000000') in 0.000198 seconds  code(4) message(Build asset version error: assets/newbehaviourscript.cs in SourceAssetDB has modification time of '2021-10-03T22:56:12.7667729Z' while content on disk has modification time of '2021-10-03T22:56:39.7171195Z')
  ERROR: Build asset version error: assets/newbehaviourscript.cs in SourceAssetDB has modification time of '2021-10-03T22:56:12.7667729Z' while content on disk has modification time of '2021-10-03T22:56:39.7171195Z'
  Import took 0.002330 seconds .

========================================================================
Received Import Request.
  Time since last request: 0.014057 seconds.
  path: Assets/NewBehaviourScript.cs
  artifactKey: Guid(022d7d8354533e74094f582a7aee6f38) Importer(815301076,1909f56bfc062723c751e8b465ee728b)
Start importing Assets/NewBehaviourScript.cs using Guid(022d7d8354533e74094f582a7aee6f38) Importer(815301076,1909f56bfc062723c751e8b465ee728b)  -> (artifact id: '00000000000000000000000000000000') in 0.000200 seconds  code(4) message(Build asset version error: assets/newbehaviourscript.cs in SourceAssetDB has modification time of '2021-10-03T22:56:12.7667729Z' while content on disk has modification time of '2021-10-03T22:56:39.7171195Z')
  ERROR: Build asset version error: assets/newbehaviourscript.cs in SourceAssetDB has modification time of '2021-10-03T22:56:12.7667729Z' while content on disk has modification time of '2021-10-03T22:56:39.7171195Z'
  Import took 0.002288 seconds .

========================================================================
Received Import Request.
  Time since last request: 0.009446 seconds.
  path: Assets/NewBehaviourScript.cs
  artifactKey: Guid(022d7d8354533e74094f582a7aee6f38) Importer(815301076,1909f56bfc062723c751e8b465ee728b)
Start importing Assets/NewBehaviourScript.cs using Guid(022d7d8354533e74094f582a7aee6f38) Importer(815301076,1909f56bfc062723c751e8b465ee728b)  -> (artifact id: '00000000000000000000000000000000') in 0.000185 seconds  code(4) message(Build asset version error: assets/newbehaviourscript.cs in SourceAssetDB has modification time of '2021-10-03T22:56:12.7667729Z' while content on disk has modification time of '2021-10-03T22:56:39.7171195Z')
  ERROR: Build asset version error: assets/newbehaviourscript.cs in SourceAssetDB has modification time of '2021-10-03T22:56:12.7667729Z' while content on disk has modification time of '2021-10-03T22:56:39.7171195Z'
  Import took 0.002196 seconds .

========================================================================
Received Import Request.
  Time since last request: 0.009649 seconds.
  path: Assets/NewBehaviourScript.cs
  artifactKey: Guid(022d7d8354533e74094f582a7aee6f38) Importer(815301076,1909f56bfc062723c751e8b465ee728b)
Start importing Assets/NewBehaviourScript.cs using Guid(022d7d8354533e74094f582a7aee6f38) Importer(815301076,1909f56bfc062723c751e8b465ee728b)  -> (artifact id: '00000000000000000000000000000000') in 0.000201 seconds  code(4) message(Build asset version error: assets/newbehaviourscript.cs in SourceAssetDB has modification time of '2021-10-03T22:56:12.7667729Z' while content on disk has modification time of '2021-10-03T22:56:39.7171195Z')
  ERROR: Build asset version error: assets/newbehaviourscript.cs in SourceAssetDB has modification time of '2021-10-03T22:56:12.7667729Z' while content on disk has modification time of '2021-10-03T22:56:39.7171195Z'
  Import took 0.002324 seconds .

========================================================================
Received Import Request.
  Time since last request: 0.010463 seconds.
  path: Assets/NewBehaviourScript.cs
  artifactKey: Guid(022d7d8354533e74094f582a7aee6f38) Importer(815301076,1909f56bfc062723c751e8b465ee728b)
Start importing Assets/NewBehaviourScript.cs using Guid(022d7d8354533e74094f582a7aee6f38) Importer(815301076,1909f56bfc062723c751e8b465ee728b)  -> (artifact id: '00000000000000000000000000000000') in 0.000249 seconds  code(4) message(Build asset version error: assets/newbehaviourscript.cs in SourceAssetDB has modification time of '2021-10-03T22:56:12.7667729Z' while content on disk has modification time of '2021-10-03T22:56:39.7171195Z')
  ERROR: Build asset version error: assets/newbehaviourscript.cs in SourceAssetDB has modification time of '2021-10-03T22:56:12.7667729Z' while content on disk has modification time of '2021-10-03T22:56:39.7171195Z'
  Import took 0.002726 seconds .

========================================================================
Received Import Request.
  Time since last request: 0.009353 seconds.
  path: Assets/NewBehaviourScript.cs
  artifactKey: Guid(022d7d8354533e74094f582a7aee6f38) Importer(815301076,1909f56bfc062723c751e8b465ee728b)
Start importing Assets/NewBehaviourScript.cs using Guid(022d7d8354533e74094f582a7aee6f38) Importer(815301076,1909f56bfc062723c751e8b465ee728b)  -> (artifact id: '00000000000000000000000000000000') in 0.000186 seconds  code(4) message(Build asset version error: assets/newbehaviourscript.cs in SourceAssetDB has modification time of '2021-10-03T22:56:12.7667729Z' while content on disk has modification time of '2021-10-03T22:56:39.7171195Z')
  ERROR: Build asset version error: assets/newbehaviourscript.cs in SourceAssetDB has modification time of '2021-10-03T22:56:12.7667729Z' while content on disk has modification time of '2021-10-03T22:56:39.7171195Z'
  Import took 0.002290 seconds .

========================================================================
Received Import Request.
  Time since last request: 0.010513 seconds.
  path: Assets/NewBehaviourScript.cs
  artifactKey: Guid(022d7d8354533e74094f582a7aee6f38) Importer(815301076,1909f56bfc062723c751e8b465ee728b)
Start importing Assets/NewBehaviourScript.cs using Guid(022d7d8354533e74094f582a7aee6f38) Importer(815301076,1909f56bfc062723c751e8b465ee728b)  -> (artifact id: '00000000000000000000000000000000') in 0.000189 seconds  code(4) message(Build asset version error: assets/newbehaviourscript.cs in SourceAssetDB has modification time of '2021-10-03T22:56:12.7667729Z' while content on disk has modification time of '2021-10-03T22:56:39.7171195Z')
  ERROR: Build asset version error: assets/newbehaviourscript.cs in SourceAssetDB has modification time of '2021-10-03T22:56:12.7667729Z' while content on disk has modification time of '2021-10-03T22:56:39.7171195Z'
  Import took 0.002256 seconds .

========================================================================
Received Import Request.
  Time since last request: 0.009213 seconds.
  path: Assets/NewBehaviourScript.cs
  artifactKey: Guid(022d7d8354533e74094f582a7aee6f38) Importer(815301076,1909f56bfc062723c751e8b465ee728b)
Start importing Assets/NewBehaviourScript.cs using Guid(022d7d8354533e74094f582a7aee6f38) Importer(815301076,1909f56bfc062723c751e8b465ee728b)  -> (artifact id: '00000000000000000000000000000000') in 0.000197 seconds  code(4) message(Build asset version error: assets/newbehaviourscript.cs in SourceAssetDB has modification time of '2021-10-03T22:56:12.7667729Z' while content on disk has modification time of '2021-10-03T22:56:39.7171195Z')
  ERROR: Build asset version error: assets/newbehaviourscript.cs in SourceAssetDB has modification time of '2021-10-03T22:56:12.7667729Z' while content on disk has modification time of '2021-10-03T22:56:39.7171195Z'
  Import took 0.002220 seconds .

========================================================================
Received Import Request.
  Time since last request: 0.010326 seconds.
  path: Assets/NewBehaviourScript.cs
  artifactKey: Guid(022d7d8354533e74094f582a7aee6f38) Importer(815301076,1909f56bfc062723c751e8b465ee728b)
Start importing Assets/NewBehaviourScript.cs using Guid(022d7d8354533e74094f582a7aee6f38) Importer(815301076,1909f56bfc062723c751e8b465ee728b)  -> (artifact id: '00000000000000000000000000000000') in 0.000225 seconds  code(4) message(Build asset version error: assets/newbehaviourscript.cs in SourceAssetDB has modification time of '2021-10-03T22:56:12.7667729Z' while content on disk has modification time of '2021-10-03T22:56:39.7171195Z')
  ERROR: Build asset version error: assets/newbehaviourscript.cs in SourceAssetDB has modification time of '2021-10-03T22:56:12.7667729Z' while content on disk has modification time of '2021-10-03T22:56:39.7171195Z'
  Import took 0.002568 seconds .

========================================================================
Received Import Request.
  Time since last request: 0.008185 seconds.
  path: Assets/NewBehaviourScript.cs
  artifactKey: Guid(022d7d8354533e74094f582a7aee6f38) Importer(815301076,1909f56bfc062723c751e8b465ee728b)
Start importing Assets/NewBehaviourScript.cs using Guid(022d7d8354533e74094f582a7aee6f38) Importer(815301076,1909f56bfc062723c751e8b465ee728b)  -> (artifact id: '00000000000000000000000000000000') in 0.000190 seconds  code(4) message(Build asset version error: assets/newbehaviourscript.cs in SourceAssetDB has modification time of '2021-10-03T22:56:12.7667729Z' while content on disk has modification time of '2021-10-03T22:56:39.7171195Z')
  ERROR: Build asset version error: assets/newbehaviourscript.cs in SourceAssetDB has modification time of '2021-10-03T22:56:12.7667729Z' while content on disk has modification time of '2021-10-03T22:56:39.7171195Z'
  Import took 0.002241 seconds .

========================================================================
Received Import Request.
  Time since last request: 0.008157 seconds.
  path: Assets/NewBehaviourScript.cs
  artifactKey: Guid(022d7d8354533e74094f582a7aee6f38) Importer(815301076,1909f56bfc062723c751e8b465ee728b)
Start importing Assets/NewBehaviourScript.cs using Guid(022d7d8354533e74094f582a7aee6f38) Importer(815301076,1909f56bfc062723c751e8b465ee728b)  -> (artifact id: '00000000000000000000000000000000') in 0.000195 seconds  code(4) message(Build asset version error: assets/newbehaviourscript.cs in SourceAssetDB has modification time of '2021-10-03T22:56:12.7667729Z' while content on disk has modification time of '2021-10-03T22:56:39.7171195Z')
  ERROR: Build asset version error: assets/newbehaviourscript.cs in SourceAssetDB has modification time of '2021-10-03T22:56:12.7667729Z' while content on disk has modification time of '2021-10-03T22:56:39.7171195Z'
  Import took 0.002227 seconds .

========================================================================
Received Import Request.
  Time since last request: 0.009927 seconds.
  path: Assets/NewBehaviourScript.cs
  artifactKey: Guid(022d7d8354533e74094f582a7aee6f38) Importer(815301076,1909f56bfc062723c751e8b465ee728b)
Start importing Assets/NewBehaviourScript.cs using Guid(022d7d8354533e74094f582a7aee6f38) Importer(815301076,1909f56bfc062723c751e8b465ee728b)  -> (artifact id: '00000000000000000000000000000000') in 0.000225 seconds  code(4) message(Build asset version error: assets/newbehaviourscript.cs in SourceAssetDB has modification time of '2021-10-03T22:56:12.7667729Z' while content on disk has modification time of '2021-10-03T22:56:39.7171195Z')
  ERROR: Build asset version error: assets/newbehaviourscript.cs in SourceAssetDB has modification time of '2021-10-03T22:56:12.7667729Z' while content on disk has modification time of '2021-10-03T22:56:39.7171195Z'
  Import took 0.002505 seconds .

========================================================================
Received Import Request.
  Time since last request: 0.007984 seconds.
  path: Assets/NewBehaviourScript.cs
  artifactKey: Guid(022d7d8354533e74094f582a7aee6f38) Importer(815301076,1909f56bfc062723c751e8b465ee728b)
Start importing Assets/NewBehaviourScript.cs using Guid(022d7d8354533e74094f582a7aee6f38) Importer(815301076,1909f56bfc062723c751e8b465ee728b)  -> (artifact id: '00000000000000000000000000000000') in 0.000190 seconds  code(4) message(Build asset version error: assets/newbehaviourscript.cs in SourceAssetDB has modification time of '2021-10-03T22:56:12.7667729Z' while content on disk has modification time of '2021-10-03T22:56:39.7171195Z')
  ERROR: Build asset version error: assets/newbehaviourscript.cs in SourceAssetDB has modification time of '2021-10-03T22:56:12.7667729Z' while content on disk has modification time of '2021-10-03T22:56:39.7171195Z'
  Import took 0.002208 seconds .

========================================================================
Received Import Request.
  Time since last request: 0.009935 seconds.
  path: Assets/NewBehaviourScript.cs
  artifactKey: Guid(022d7d8354533e74094f582a7aee6f38) Importer(815301076,1909f56bfc062723c751e8b465ee728b)
Start importing Assets/NewBehaviourScript.cs using Guid(022d7d8354533e74094f582a7aee6f38) Importer(815301076,1909f56bfc062723c751e8b465ee728b)  -> (artifact id: '00000000000000000000000000000000') in 0.000193 seconds  code(4) message(Build asset version error: assets/newbehaviourscript.cs in SourceAssetDB has modification time of '2021-10-03T22:56:12.7667729Z' while content on disk has modification time of '2021-10-03T22:56:39.7171195Z')
  ERROR: Build asset version error: assets/newbehaviourscript.cs in SourceAssetDB has modification time of '2021-10-03T22:56:12.7667729Z' while content on disk has modification time of '2021-10-03T22:56:39.7171195Z'
  Import took 0.002233 seconds .

========================================================================
Received Import Request.
  Time since last request: 0.007948 seconds.
  path: Assets/NewBehaviourScript.cs
  artifactKey: Guid(022d7d8354533e74094f582a7aee6f38) Importer(815301076,1909f56bfc062723c751e8b465ee728b)
Start importing Assets/NewBehaviourScript.cs using Guid(022d7d8354533e74094f582a7aee6f38) Importer(815301076,1909f56bfc062723c751e8b465ee728b)  -> (artifact id: '00000000000000000000000000000000') in 0.000187 seconds  code(4) message(Build asset version error: assets/newbehaviourscript.cs in SourceAssetDB has modification time of '2021-10-03T22:56:12.7667729Z' while content on disk has modification time of '2021-10-03T22:56:39.7171195Z')
  ERROR: Build asset version error: assets/newbehaviourscript.cs in SourceAssetDB has modification time of '2021-10-03T22:56:12.7667729Z' while content on disk has modification time of '2021-10-03T22:56:39.7171195Z'
  Import took 0.002257 seconds .

========================================================================
Received Import Request.
  Time since last request: 0.024981 seconds.
  path: Assets/NewBehaviourScript.cs
  artifactKey: Guid(022d7d8354533e74094f582a7aee6f38) Importer(815301076,1909f56bfc062723c751e8b465ee728b)
Start importing Assets/NewBehaviourScript.cs using Guid(022d7d8354533e74094f582a7aee6f38) Importer(815301076,1909f56bfc062723c751e8b465ee728b)  -> (artifact id: 'e9cd34a171e2b69138349d4ab735dfe8') in 0.006228 seconds 
  Import took 0.008990 seconds .

AssetImportWorkerClient::OnTransportError - code=2 error=End of file
